<?xml version="1.0" encoding="UTF-8" ?>
<testsuite tests="5" failures="0" name="com.netcracker.lesson.CalculatorTest" time="0.003" errors="0" skipped="0">
  <properties>
[...]
</properties>
  <testcase classname="com.netcracker.lesson.CalculatorTest" name="divideTest" time="0.003"/>
  <testcase classname="com.netcracker.lesson.CalculatorTest" name="addTest" time="0"/>
  <testcase classname="com.netcracker.lesson.CalculatorTest" name="multiplyTest" time="0"/>
  <testcase classname="com.netcracker.lesson.CalculatorTest" name="divideNegativeTest" time="0"/>
  <testcase classname="com.netcracker.lesson.CalculatorTest" name="subtractTest" time="0"/>
</testsuite>